{"/Users/jeanvittory/Documents/Programacion/Fapi/Backend-assessment-MIR/src/api/constants/regex.constants.ts": {"path":"/Users/jeanvittory/Documents/Programacion/Fapi/Backend-assessment-MIR/src/api/constants/regex.constants.ts","statementMap":{"0":{"start":{"line":1,"column":13},"end":{"line":1,"column":78}}},"fnMap":{},"branchMap":{},"s":{"0":1},"f":{},"b":{}}
,"/Users/jeanvittory/Documents/Programacion/Fapi/Backend-assessment-MIR/src/api/controllers/auth.controllers.ts": {"path":"/Users/jeanvittory/Documents/Programacion/Fapi/Backend-assessment-MIR/src/api/controllers/auth.controllers.ts","statementMap":{"0":{"start":{"line":2,"column":0},"end":{"line":2,"column":109}},"1":{"start":{"line":3,"column":0},"end":{"line":3,"column":66}},"2":{"start":{"line":4,"column":0},"end":{"line":4,"column":67}},"3":{"start":{"line":5,"column":0},"end":{"line":5,"column":50}},"4":{"start":{"line":7,"column":30},"end":{"line":18,"column":1}},"5":{"start":{"line":8,"column":2},"end":{"line":17,"column":null}},"6":{"start":{"line":9,"column":32},"end":{"line":9,"column":40}},"7":{"start":{"line":10,"column":18},"end":{"line":10,"column":62}},"8":{"start":{"line":11,"column":4},"end":{"line":11,"column":32}},"9":{"start":{"line":13,"column":4},"end":{"line":13,"column":24}},"10":{"start":{"line":14,"column":4},"end":{"line":14,"column":99}},"11":{"start":{"line":14,"column":38},"end":{"line":14,"column":99}},"12":{"start":{"line":15,"column":4},"end":{"line":15,"column":54}},"13":{"start":{"line":15,"column":35},"end":{"line":15,"column":54}},"14":{"start":{"line":16,"column":4},"end":{"line":16,"column":52}},"15":{"start":{"line":7,"column":13},"end":{"line":7,"column":30}},"16":{"start":{"line":20,"column":29},"end":{"line":31,"column":1}},"17":{"start":{"line":21,"column":2},"end":{"line":30,"column":null}},"18":{"start":{"line":22,"column":22},"end":{"line":22,"column":30}},"19":{"start":{"line":23,"column":22},"end":{"line":23,"column":55}},"20":{"start":{"line":24,"column":4},"end":{"line":24,"column":36}},"21":{"start":{"line":26,"column":4},"end":{"line":26,"column":24}},"22":{"start":{"line":27,"column":4},"end":{"line":27,"column":95}},"23":{"start":{"line":27,"column":38},"end":{"line":27,"column":95}},"24":{"start":{"line":28,"column":4},"end":{"line":28,"column":54}},"25":{"start":{"line":28,"column":35},"end":{"line":28,"column":54}},"26":{"start":{"line":29,"column":4},"end":{"line":29,"column":52}},"27":{"start":{"line":20,"column":13},"end":{"line":20,"column":29}},"28":{"start":{"line":33,"column":24},"end":{"line":44,"column":1}},"29":{"start":{"line":34,"column":2},"end":{"line":43,"column":null}},"30":{"start":{"line":35,"column":22},"end":{"line":35,"column":53}},"31":{"start":{"line":36,"column":4},"end":{"line":36,"column":36}},"32":{"start":{"line":38,"column":4},"end":{"line":38,"column":24}},"33":{"start":{"line":39,"column":4},"end":{"line":40,"column":119}},"34":{"start":{"line":40,"column":6},"end":{"line":40,"column":119}},"35":{"start":{"line":41,"column":4},"end":{"line":41,"column":54}},"36":{"start":{"line":41,"column":35},"end":{"line":41,"column":54}},"37":{"start":{"line":42,"column":4},"end":{"line":42,"column":52}},"38":{"start":{"line":33,"column":13},"end":{"line":33,"column":24}}},"fnMap":{"0":{"name":"(anonymous_1)","decl":{"start":{"line":7,"column":30},"end":{"line":7,"column":35}},"loc":{"start":{"line":7,"column":103},"end":{"line":18,"column":1}}},"1":{"name":"(anonymous_2)","decl":{"start":{"line":20,"column":29},"end":{"line":20,"column":34}},"loc":{"start":{"line":20,"column":102},"end":{"line":31,"column":1}}},"2":{"name":"(anonymous_3)","decl":{"start":{"line":33,"column":24},"end":{"line":33,"column":29}},"loc":{"start":{"line":33,"column":97},"end":{"line":44,"column":1}}}},"branchMap":{"0":{"loc":{"start":{"line":14,"column":4},"end":{"line":14,"column":99}},"type":"if","locations":[{"start":{"line":14,"column":4},"end":{"line":14,"column":99}}]},"1":{"loc":{"start":{"line":15,"column":4},"end":{"line":15,"column":54}},"type":"if","locations":[{"start":{"line":15,"column":4},"end":{"line":15,"column":54}}]},"2":{"loc":{"start":{"line":27,"column":4},"end":{"line":27,"column":95}},"type":"if","locations":[{"start":{"line":27,"column":4},"end":{"line":27,"column":95}}]},"3":{"loc":{"start":{"line":28,"column":4},"end":{"line":28,"column":54}},"type":"if","locations":[{"start":{"line":28,"column":4},"end":{"line":28,"column":54}}]},"4":{"loc":{"start":{"line":39,"column":4},"end":{"line":40,"column":119}},"type":"if","locations":[{"start":{"line":39,"column":4},"end":{"line":40,"column":119}}]},"5":{"loc":{"start":{"line":41,"column":4},"end":{"line":41,"column":54}},"type":"if","locations":[{"start":{"line":41,"column":4},"end":{"line":41,"column":54}}]}},"s":{"0":1,"1":1,"2":1,"3":1,"4":1,"5":14,"6":14,"7":14,"8":12,"9":2,"10":2,"11":0,"12":2,"13":2,"14":0,"15":1,"16":1,"17":4,"18":4,"19":4,"20":4,"21":0,"22":0,"23":0,"24":0,"25":0,"26":0,"27":1,"28":1,"29":23,"30":23,"31":23,"32":0,"33":0,"34":0,"35":0,"36":0,"37":0,"38":1},"f":{"0":14,"1":4,"2":23},"b":{"0":[0],"1":[2],"2":[0],"3":[0],"4":[0],"5":[0]}}
,"/Users/jeanvittory/Documents/Programacion/Fapi/Backend-assessment-MIR/src/api/controllers/fav.controllers.ts": {"path":"/Users/jeanvittory/Documents/Programacion/Fapi/Backend-assessment-MIR/src/api/controllers/fav.controllers.ts","statementMap":{"0":{"start":{"line":2,"column":0},"end":{"line":2,"column":67}},"1":{"start":{"line":3,"column":0},"end":{"line":3,"column":75}},"2":{"start":{"line":4,"column":0},"end":{"line":4,"column":null}},"3":{"start":{"line":9,"column":0},"end":{"line":9,"column":66}},"4":{"start":{"line":11,"column":32},"end":{"line":23,"column":1}},"5":{"start":{"line":12,"column":2},"end":{"line":22,"column":null}},"6":{"start":{"line":13,"column":22},"end":{"line":13,"column":30}},"7":{"start":{"line":14,"column":17},"end":{"line":14,"column":56}},"8":{"start":{"line":15,"column":4},"end":{"line":15,"column":31}},"9":{"start":{"line":17,"column":4},"end":{"line":20,"column":null}},"10":{"start":{"line":18,"column":6},"end":{"line":18,"column":65}},"11":{"start":{"line":18,"column":32},"end":{"line":18,"column":65}},"12":{"start":{"line":19,"column":6},"end":{"line":19,"column":69}},"13":{"start":{"line":19,"column":32},"end":{"line":19,"column":69}},"14":{"start":{"line":21,"column":4},"end":{"line":21,"column":52}},"15":{"start":{"line":11,"column":13},"end":{"line":11,"column":32}},"16":{"start":{"line":25,"column":34},"end":{"line":37,"column":1}},"17":{"start":{"line":26,"column":2},"end":{"line":36,"column":null}},"18":{"start":{"line":27,"column":22},"end":{"line":27,"column":30}},"19":{"start":{"line":28,"column":33},"end":{"line":28,"column":74}},"20":{"start":{"line":29,"column":4},"end":{"line":29,"column":47}},"21":{"start":{"line":31,"column":4},"end":{"line":34,"column":null}},"22":{"start":{"line":32,"column":6},"end":{"line":32,"column":65}},"23":{"start":{"line":32,"column":32},"end":{"line":32,"column":65}},"24":{"start":{"line":33,"column":6},"end":{"line":33,"column":69}},"25":{"start":{"line":33,"column":32},"end":{"line":33,"column":69}},"26":{"start":{"line":35,"column":4},"end":{"line":35,"column":52}},"27":{"start":{"line":25,"column":13},"end":{"line":25,"column":34}},"28":{"start":{"line":39,"column":34},"end":{"line":52,"column":1}},"29":{"start":{"line":40,"column":2},"end":{"line":51,"column":null}},"30":{"start":{"line":41,"column":22},"end":{"line":41,"column":30}},"31":{"start":{"line":42,"column":27},"end":{"line":42,"column":37}},"32":{"start":{"line":43,"column":25},"end":{"line":43,"column":74}},"33":{"start":{"line":44,"column":4},"end":{"line":44,"column":39}},"34":{"start":{"line":46,"column":4},"end":{"line":49,"column":null}},"35":{"start":{"line":47,"column":6},"end":{"line":47,"column":65}},"36":{"start":{"line":47,"column":32},"end":{"line":47,"column":65}},"37":{"start":{"line":48,"column":6},"end":{"line":48,"column":69}},"38":{"start":{"line":48,"column":32},"end":{"line":48,"column":69}},"39":{"start":{"line":50,"column":4},"end":{"line":50,"column":52}},"40":{"start":{"line":39,"column":13},"end":{"line":39,"column":34}},"41":{"start":{"line":54,"column":34},"end":{"line":66,"column":1}},"42":{"start":{"line":55,"column":2},"end":{"line":65,"column":null}},"43":{"start":{"line":56,"column":19},"end":{"line":56,"column":29}},"44":{"start":{"line":57,"column":22},"end":{"line":57,"column":63}},"45":{"start":{"line":58,"column":4},"end":{"line":58,"column":36}},"46":{"start":{"line":60,"column":4},"end":{"line":63,"column":null}},"47":{"start":{"line":61,"column":6},"end":{"line":61,"column":65}},"48":{"start":{"line":61,"column":32},"end":{"line":61,"column":65}},"49":{"start":{"line":62,"column":6},"end":{"line":62,"column":69}},"50":{"start":{"line":62,"column":32},"end":{"line":62,"column":69}},"51":{"start":{"line":64,"column":4},"end":{"line":64,"column":52}},"52":{"start":{"line":54,"column":13},"end":{"line":54,"column":34}}},"fnMap":{"0":{"name":"(anonymous_1)","decl":{"start":{"line":11,"column":32},"end":{"line":11,"column":37}},"loc":{"start":{"line":11,"column":105},"end":{"line":23,"column":1}}},"1":{"name":"(anonymous_2)","decl":{"start":{"line":25,"column":34},"end":{"line":25,"column":39}},"loc":{"start":{"line":25,"column":107},"end":{"line":37,"column":1}}},"2":{"name":"(anonymous_3)","decl":{"start":{"line":39,"column":34},"end":{"line":39,"column":39}},"loc":{"start":{"line":39,"column":107},"end":{"line":52,"column":1}}},"3":{"name":"(anonymous_4)","decl":{"start":{"line":54,"column":34},"end":{"line":54,"column":39}},"loc":{"start":{"line":54,"column":107},"end":{"line":66,"column":1}}}},"branchMap":{"0":{"loc":{"start":{"line":17,"column":4},"end":{"line":20,"column":null}},"type":"if","locations":[{"start":{"line":17,"column":4},"end":{"line":20,"column":null}}]},"1":{"loc":{"start":{"line":18,"column":6},"end":{"line":18,"column":65}},"type":"if","locations":[{"start":{"line":18,"column":6},"end":{"line":18,"column":65}}]},"2":{"loc":{"start":{"line":19,"column":6},"end":{"line":19,"column":69}},"type":"if","locations":[{"start":{"line":19,"column":6},"end":{"line":19,"column":69}}]},"3":{"loc":{"start":{"line":31,"column":4},"end":{"line":34,"column":null}},"type":"if","locations":[{"start":{"line":31,"column":4},"end":{"line":34,"column":null}}]},"4":{"loc":{"start":{"line":32,"column":6},"end":{"line":32,"column":65}},"type":"if","locations":[{"start":{"line":32,"column":6},"end":{"line":32,"column":65}}]},"5":{"loc":{"start":{"line":33,"column":6},"end":{"line":33,"column":69}},"type":"if","locations":[{"start":{"line":33,"column":6},"end":{"line":33,"column":69}}]},"6":{"loc":{"start":{"line":46,"column":4},"end":{"line":49,"column":null}},"type":"if","locations":[{"start":{"line":46,"column":4},"end":{"line":49,"column":null}}]},"7":{"loc":{"start":{"line":47,"column":6},"end":{"line":47,"column":65}},"type":"if","locations":[{"start":{"line":47,"column":6},"end":{"line":47,"column":65}}]},"8":{"loc":{"start":{"line":48,"column":6},"end":{"line":48,"column":69}},"type":"if","locations":[{"start":{"line":48,"column":6},"end":{"line":48,"column":69}}]},"9":{"loc":{"start":{"line":60,"column":4},"end":{"line":63,"column":null}},"type":"if","locations":[{"start":{"line":60,"column":4},"end":{"line":63,"column":null}}]},"10":{"loc":{"start":{"line":61,"column":6},"end":{"line":61,"column":65}},"type":"if","locations":[{"start":{"line":61,"column":6},"end":{"line":61,"column":65}}]},"11":{"loc":{"start":{"line":62,"column":6},"end":{"line":62,"column":69}},"type":"if","locations":[{"start":{"line":62,"column":6},"end":{"line":62,"column":69}}]}},"s":{"0":1,"1":1,"2":1,"3":1,"4":1,"5":0,"6":0,"7":0,"8":0,"9":0,"10":0,"11":0,"12":0,"13":0,"14":0,"15":1,"16":1,"17":0,"18":0,"19":0,"20":0,"21":0,"22":0,"23":0,"24":0,"25":0,"26":0,"27":1,"28":1,"29":0,"30":0,"31":0,"32":0,"33":0,"34":0,"35":0,"36":0,"37":0,"38":0,"39":0,"40":1,"41":1,"42":0,"43":0,"44":0,"45":0,"46":0,"47":0,"48":0,"49":0,"50":0,"51":0,"52":1},"f":{"0":0,"1":0,"2":0,"3":0},"b":{"0":[0],"1":[0],"2":[0],"3":[0],"4":[0],"5":[0],"6":[0],"7":[0],"8":[0],"9":[0],"10":[0],"11":[0]}}
,"/Users/jeanvittory/Documents/Programacion/Fapi/Backend-assessment-MIR/src/api/database/client.ts": {"path":"/Users/jeanvittory/Documents/Programacion/Fapi/Backend-assessment-MIR/src/api/database/client.ts","statementMap":{"0":{"start":{"line":1,"column":0},"end":{"line":1,"column":46}},"1":{"start":{"line":4,"column":15},"end":{"line":4,"column":33}},"2":{"start":{"line":6,"column":0},"end":{"line":6,"column":22}}},"fnMap":{},"branchMap":{},"s":{"0":1,"1":1,"2":1},"f":{},"b":{}}
,"/Users/jeanvittory/Documents/Programacion/Fapi/Backend-assessment-MIR/src/api/database/test/reset.ts": {"path":"/Users/jeanvittory/Documents/Programacion/Fapi/Backend-assessment-MIR/src/api/database/test/reset.ts","statementMap":{"0":{"start":{"line":1,"column":0},"end":{"line":1,"column":43}},"1":{"start":{"line":3,"column":0},"end":{"line":5,"column":2}},"2":{"start":{"line":4,"column":2},"end":{"line":4,"column":107}}},"fnMap":{"0":{"name":"(anonymous_1)","decl":{"start":{"line":3,"column":15},"end":{"line":3,"column":20}},"loc":{"start":{"line":3,"column":26},"end":{"line":5,"column":1}}}},"branchMap":{},"s":{"0":1,"1":1,"2":45},"f":{"0":45},"b":{}}
,"/Users/jeanvittory/Documents/Programacion/Fapi/Backend-assessment-MIR/src/api/database/test/singleton.ts": {"path":"/Users/jeanvittory/Documents/Programacion/Fapi/Backend-assessment-MIR/src/api/database/test/singleton.ts","statementMap":{"0":{"start":{"line":5,"column":0},"end":{"line":8,"column":4}},"1":{"start":{"line":5,"column":30},"end":{"line":8,"column":2}},"2":{"start":{"line":2,"column":0},"end":{"line":2,"column":72}},"3":{"start":{"line":3,"column":0},"end":{"line":3,"column":31}},"4":{"start":{"line":10,"column":0},"end":{"line":12,"column":3}},"5":{"start":{"line":11,"column":2},"end":{"line":11,"column":24}},"6":{"start":{"line":14,"column":13},"end":{"line":14,"column":75}}},"fnMap":{"0":{"name":"(anonymous_1)","decl":{"start":{"line":5,"column":23},"end":{"line":5,"column":26}},"loc":{"start":{"line":5,"column":30},"end":{"line":8,"column":2}}},"1":{"name":"(anonymous_2)","decl":{"start":{"line":10,"column":10},"end":{"line":10,"column":15}},"loc":{"start":{"line":10,"column":21},"end":{"line":12,"column":1}}}},"branchMap":{},"s":{"0":3,"1":3,"2":3,"3":3,"4":3,"5":9,"6":3},"f":{"0":3,"1":9},"b":{}}
,"/Users/jeanvittory/Documents/Programacion/Fapi/Backend-assessment-MIR/src/api/joi/authentication.joi.ts": {"path":"/Users/jeanvittory/Documents/Programacion/Fapi/Backend-assessment-MIR/src/api/joi/authentication.joi.ts","statementMap":{"0":{"start":{"line":1,"column":0},"end":{"line":1,"column":22}},"1":{"start":{"line":2,"column":0},"end":{"line":2,"column":60}},"2":{"start":{"line":4,"column":23},"end":{"line":7,"column":2}},"3":{"start":{"line":9,"column":0},"end":{"line":9,"column":30}}},"fnMap":{},"branchMap":{},"s":{"0":1,"1":1,"2":1,"3":1},"f":{},"b":{}}
,"/Users/jeanvittory/Documents/Programacion/Fapi/Backend-assessment-MIR/src/api/joi/authorization.joi.ts": {"path":"/Users/jeanvittory/Documents/Programacion/Fapi/Backend-assessment-MIR/src/api/joi/authorization.joi.ts","statementMap":{"0":{"start":{"line":1,"column":0},"end":{"line":1,"column":22}},"1":{"start":{"line":3,"column":22},"end":{"line":3,"column":45}},"2":{"start":{"line":5,"column":0},"end":{"line":5,"column":29}}},"fnMap":{},"branchMap":{},"s":{"0":1,"1":1,"2":1},"f":{},"b":{}}
,"/Users/jeanvittory/Documents/Programacion/Fapi/Backend-assessment-MIR/src/api/joi/register.joi.ts": {"path":"/Users/jeanvittory/Documents/Programacion/Fapi/Backend-assessment-MIR/src/api/joi/register.joi.ts","statementMap":{"0":{"start":{"line":1,"column":0},"end":{"line":1,"column":22}},"1":{"start":{"line":2,"column":0},"end":{"line":2,"column":60}},"2":{"start":{"line":4,"column":17},"end":{"line":8,"column":2}},"3":{"start":{"line":10,"column":0},"end":{"line":10,"column":24}}},"fnMap":{},"branchMap":{},"s":{"0":1,"1":1,"2":1,"3":1},"f":{},"b":{}}
,"/Users/jeanvittory/Documents/Programacion/Fapi/Backend-assessment-MIR/src/api/middlewares/isAuthenticated.middleware.ts": {"path":"/Users/jeanvittory/Documents/Programacion/Fapi/Backend-assessment-MIR/src/api/middlewares/isAuthenticated.middleware.ts","statementMap":{"0":{"start":{"line":2,"column":0},"end":{"line":2,"column":49}},"1":{"start":{"line":3,"column":0},"end":{"line":3,"column":31}},"2":{"start":{"line":4,"column":0},"end":{"line":4,"column":37}},"3":{"start":{"line":5,"column":0},"end":{"line":5,"column":51}},"4":{"start":{"line":6,"column":0},"end":{"line":6,"column":66}},"5":{"start":{"line":8,"column":0},"end":{"line":8,"column":50}},"6":{"start":{"line":10,"column":24},"end":{"line":30,"column":1}},"7":{"start":{"line":11,"column":2},"end":{"line":14,"column":null}},"8":{"start":{"line":12,"column":4},"end":{"line":12,"column":48}},"9":{"start":{"line":13,"column":4},"end":{"line":13,"column":38}},"10":{"start":{"line":15,"column":31},"end":{"line":15,"column":70}},"11":{"start":{"line":16,"column":20},"end":{"line":16,"column":56}},"12":{"start":{"line":17,"column":2},"end":{"line":20,"column":null}},"13":{"start":{"line":18,"column":4},"end":{"line":18,"column":24}},"14":{"start":{"line":19,"column":4},"end":{"line":19,"column":38}},"15":{"start":{"line":21,"column":2},"end":{"line":29,"column":null}},"16":{"start":{"line":22,"column":22},"end":{"line":22,"column":79}},"17":{"start":{"line":23,"column":4},"end":{"line":23,"column":25}},"18":{"start":{"line":24,"column":4},"end":{"line":24,"column":11}},"19":{"start":{"line":26,"column":4},"end":{"line":26,"column":24}},"20":{"start":{"line":27,"column":4},"end":{"line":27,"column":78}},"21":{"start":{"line":27,"column":44},"end":{"line":27,"column":78}},"22":{"start":{"line":28,"column":4},"end":{"line":28,"column":59}},"23":{"start":{"line":32,"column":0},"end":{"line":32,"column":31}}},"fnMap":{"0":{"name":"(anonymous_1)","decl":{"start":{"line":10,"column":24},"end":{"line":10,"column":25}},"loc":{"start":{"line":10,"column":82},"end":{"line":30,"column":1}}}},"branchMap":{"0":{"loc":{"start":{"line":11,"column":2},"end":{"line":14,"column":null}},"type":"if","locations":[{"start":{"line":11,"column":2},"end":{"line":14,"column":null}}]},"1":{"loc":{"start":{"line":17,"column":2},"end":{"line":20,"column":null}},"type":"if","locations":[{"start":{"line":17,"column":2},"end":{"line":20,"column":null}}]},"2":{"loc":{"start":{"line":27,"column":4},"end":{"line":27,"column":78}},"type":"if","locations":[{"start":{"line":27,"column":4},"end":{"line":27,"column":78}}]}},"s":{"0":1,"1":1,"2":1,"3":1,"4":1,"5":1,"6":1,"7":8,"8":2,"9":2,"10":6,"11":6,"12":6,"13":0,"14":0,"15":6,"16":6,"17":4,"18":4,"19":2,"20":2,"21":2,"22":0,"23":1},"f":{"0":8},"b":{"0":[2],"1":[0],"2":[2]}}
,"/Users/jeanvittory/Documents/Programacion/Fapi/Backend-assessment-MIR/src/api/middlewares/validateAuthorizationRequest.middlewares.ts": {"path":"/Users/jeanvittory/Documents/Programacion/Fapi/Backend-assessment-MIR/src/api/middlewares/validateAuthorizationRequest.middlewares.ts","statementMap":{"0":{"start":{"line":2,"column":0},"end":{"line":2,"column":66}},"1":{"start":{"line":3,"column":0},"end":{"line":3,"column":53}},"2":{"start":{"line":5,"column":38},"end":{"line":9,"column":1}},"3":{"start":{"line":6,"column":20},"end":{"line":6,"column":53}},"4":{"start":{"line":7,"column":2},"end":{"line":7,"column":69}},"5":{"start":{"line":7,"column":13},"end":{"line":7,"column":69}},"6":{"start":{"line":8,"column":2},"end":{"line":8,"column":9}},"7":{"start":{"line":11,"column":0},"end":{"line":11,"column":45}}},"fnMap":{"0":{"name":"(anonymous_1)","decl":{"start":{"line":5,"column":38},"end":{"line":5,"column":39}},"loc":{"start":{"line":5,"column":96},"end":{"line":9,"column":1}}}},"branchMap":{"0":{"loc":{"start":{"line":7,"column":2},"end":{"line":7,"column":69}},"type":"if","locations":[{"start":{"line":7,"column":2},"end":{"line":7,"column":69}}]}},"s":{"0":1,"1":1,"2":1,"3":18,"4":18,"5":4,"6":14,"7":1},"f":{"0":18},"b":{"0":[4]}}
,"/Users/jeanvittory/Documents/Programacion/Fapi/Backend-assessment-MIR/src/api/middlewares/validateRegister.middleware.ts": {"path":"/Users/jeanvittory/Documents/Programacion/Fapi/Backend-assessment-MIR/src/api/middlewares/validateRegister.middleware.ts","statementMap":{"0":{"start":{"line":2,"column":0},"end":{"line":2,"column":41}},"1":{"start":{"line":3,"column":0},"end":{"line":3,"column":66}},"2":{"start":{"line":5,"column":32},"end":{"line":12,"column":1}},"3":{"start":{"line":6,"column":20},"end":{"line":6,"column":47}},"4":{"start":{"line":7,"column":2},"end":{"line":10,"column":6}},"5":{"start":{"line":8,"column":4},"end":{"line":10,"column":6}},"6":{"start":{"line":11,"column":2},"end":{"line":11,"column":9}},"7":{"start":{"line":14,"column":0},"end":{"line":14,"column":39}}},"fnMap":{"0":{"name":"(anonymous_1)","decl":{"start":{"line":5,"column":32},"end":{"line":5,"column":33}},"loc":{"start":{"line":5,"column":90},"end":{"line":12,"column":1}}}},"branchMap":{"0":{"loc":{"start":{"line":7,"column":2},"end":{"line":10,"column":6}},"type":"if","locations":[{"start":{"line":7,"column":2},"end":{"line":10,"column":6}}]}},"s":{"0":1,"1":1,"2":1,"3":27,"4":27,"5":4,"6":23,"7":1},"f":{"0":27},"b":{"0":[4]}}
,"/Users/jeanvittory/Documents/Programacion/Fapi/Backend-assessment-MIR/src/api/router/ApiRouter.router.ts": {"path":"/Users/jeanvittory/Documents/Programacion/Fapi/Backend-assessment-MIR/src/api/router/ApiRouter.router.ts","statementMap":{"0":{"start":{"line":2,"column":0},"end":{"line":2,"column":43}},"1":{"start":{"line":3,"column":0},"end":{"line":3,"column":45}},"2":{"start":{"line":10,"column":4},"end":{"line":10,"column":26}},"3":{"start":{"line":11,"column":4},"end":{"line":11,"column":27}},"4":{"start":{"line":5,"column":0},"end":{"line":5,"column":13}}},"fnMap":{"0":{"name":"(anonymous_1)","decl":{"start":{"line":9,"column":2},"end":{"line":9,"column":null}},"loc":{"start":{"line":9,"column":2},"end":{"line":12,"column":3}}}},"branchMap":{},"s":{"0":1,"1":1,"2":1,"3":1,"4":1},"f":{"0":1},"b":{}}
,"/Users/jeanvittory/Documents/Programacion/Fapi/Backend-assessment-MIR/src/api/routes/auth.routes.ts": {"path":"/Users/jeanvittory/Documents/Programacion/Fapi/Backend-assessment-MIR/src/api/routes/auth.routes.ts","statementMap":{"0":{"start":{"line":1,"column":0},"end":{"line":1,"column":33}},"1":{"start":{"line":2,"column":0},"end":{"line":2,"column":88}},"2":{"start":{"line":3,"column":0},"end":{"line":3,"column":null}},"3":{"start":{"line":8,"column":0},"end":{"line":8,"column":98}},"4":{"start":{"line":9,"column":0},"end":{"line":9,"column":70}},"5":{"start":{"line":10,"column":0},"end":{"line":10,"column":79}},"6":{"start":{"line":12,"column":19},"end":{"line":12,"column":27}},"7":{"start":{"line":14,"column":0},"end":{"line":14,"column":69}},"8":{"start":{"line":15,"column":0},"end":{"line":15,"column":86}},"9":{"start":{"line":16,"column":0},"end":{"line":16,"column":71}},"10":{"start":{"line":18,"column":0},"end":{"line":18,"column":26}}},"fnMap":{},"branchMap":{},"s":{"0":1,"1":1,"2":1,"3":1,"4":1,"5":1,"6":1,"7":1,"8":1,"9":1,"10":1},"f":{},"b":{}}
,"/Users/jeanvittory/Documents/Programacion/Fapi/Backend-assessment-MIR/src/api/routes/fav.routes.ts": {"path":"/Users/jeanvittory/Documents/Programacion/Fapi/Backend-assessment-MIR/src/api/routes/fav.routes.ts","statementMap":{"0":{"start":{"line":1,"column":0},"end":{"line":1,"column":33}},"1":{"start":{"line":2,"column":0},"end":{"line":2,"column":70}},"2":{"start":{"line":3,"column":0},"end":{"line":3,"column":null}},"3":{"start":{"line":10,"column":18},"end":{"line":10,"column":26}},"4":{"start":{"line":12,"column":0},"end":{"line":12,"column":54}},"5":{"start":{"line":13,"column":0},"end":{"line":13,"column":57}},"6":{"start":{"line":14,"column":0},"end":{"line":14,"column":59}},"7":{"start":{"line":15,"column":0},"end":{"line":15,"column":62}},"8":{"start":{"line":17,"column":0},"end":{"line":17,"column":25}}},"fnMap":{},"branchMap":{},"s":{"0":1,"1":1,"2":1,"3":1,"4":1,"5":1,"6":1,"7":1,"8":1},"f":{},"b":{}}
,"/Users/jeanvittory/Documents/Programacion/Fapi/Backend-assessment-MIR/src/api/routes/endpoints/auth.endpoints.ts": {"path":"/Users/jeanvittory/Documents/Programacion/Fapi/Backend-assessment-MIR/src/api/routes/endpoints/auth.endpoints.ts","statementMap":{"0":{"start":{"line":1,"column":13},"end":{"line":1,"column":44}},"1":{"start":{"line":2,"column":13},"end":{"line":2,"column":47}},"2":{"start":{"line":3,"column":13},"end":{"line":3,"column":54}}},"fnMap":{},"branchMap":{},"s":{"0":1,"1":1,"2":1},"f":{},"b":{}}
,"/Users/jeanvittory/Documents/Programacion/Fapi/Backend-assessment-MIR/src/api/services/auth/auth.service.ts": {"path":"/Users/jeanvittory/Documents/Programacion/Fapi/Backend-assessment-MIR/src/api/services/auth/auth.service.ts","statementMap":{"0":{"start":{"line":1,"column":0},"end":{"line":1,"column":31}},"1":{"start":{"line":2,"column":0},"end":{"line":2,"column":37}},"2":{"start":{"line":3,"column":0},"end":{"line":3,"column":62}},"3":{"start":{"line":4,"column":0},"end":{"line":4,"column":75}},"4":{"start":{"line":8,"column":0},"end":{"line":8,"column":66}},"5":{"start":{"line":10,"column":37},"end":{"line":26,"column":1}},"6":{"start":{"line":14,"column":2},"end":{"line":25,"column":null}},"7":{"start":{"line":15,"column":32},"end":{"line":15,"column":63}},"8":{"start":{"line":16,"column":4},"end":{"line":21,"column":null}},"9":{"start":{"line":17,"column":30},"end":{"line":17,"column":76}},"10":{"start":{"line":18,"column":6},"end":{"line":18,"column":58}},"11":{"start":{"line":18,"column":28},"end":{"line":18,"column":58}},"12":{"start":{"line":19,"column":20},"end":{"line":19,"column":35}},"13":{"start":{"line":20,"column":6},"end":{"line":20,"column":37}},"14":{"start":{"line":22,"column":4},"end":{"line":22,"column":32}},"15":{"start":{"line":24,"column":4},"end":{"line":24,"column":16}},"16":{"start":{"line":10,"column":13},"end":{"line":10,"column":37}},"17":{"start":{"line":28,"column":36},"end":{"line":35,"column":1}},"18":{"start":{"line":29,"column":2},"end":{"line":34,"column":null}},"19":{"start":{"line":30,"column":22},"end":{"line":30,"column":53}},"20":{"start":{"line":31,"column":4},"end":{"line":31,"column":21}},"21":{"start":{"line":33,"column":4},"end":{"line":33,"column":16}},"22":{"start":{"line":28,"column":13},"end":{"line":28,"column":36}},"23":{"start":{"line":37,"column":31},"end":{"line":44,"column":1}},"24":{"start":{"line":38,"column":2},"end":{"line":43,"column":null}},"25":{"start":{"line":39,"column":21},"end":{"line":39,"column":46}},"26":{"start":{"line":40,"column":4},"end":{"line":40,"column":20}},"27":{"start":{"line":42,"column":4},"end":{"line":42,"column":16}},"28":{"start":{"line":37,"column":13},"end":{"line":37,"column":31}},"29":{"start":{"line":46,"column":17},"end":{"line":49,"column":1}},"30":{"start":{"line":47,"column":27},"end":{"line":47,"column":66}},"31":{"start":{"line":48,"column":2},"end":{"line":48,"column":79}}},"fnMap":{"0":{"name":"(anonymous_1)","decl":{"start":{"line":10,"column":37},"end":{"line":10,"column":42}},"loc":{"start":{"line":13,"column":40},"end":{"line":26,"column":1}}},"1":{"name":"(anonymous_2)","decl":{"start":{"line":28,"column":36},"end":{"line":28,"column":41}},"loc":{"start":{"line":28,"column":90},"end":{"line":35,"column":1}}},"2":{"name":"(anonymous_3)","decl":{"start":{"line":37,"column":31},"end":{"line":37,"column":36}},"loc":{"start":{"line":37,"column":59},"end":{"line":44,"column":1}}},"3":{"name":"(anonymous_4)","decl":{"start":{"line":46,"column":17},"end":{"line":46,"column":18}},"loc":{"start":{"line":46,"column":45},"end":{"line":49,"column":1}}}},"branchMap":{"0":{"loc":{"start":{"line":16,"column":4},"end":{"line":21,"column":null}},"type":"if","locations":[{"start":{"line":16,"column":4},"end":{"line":21,"column":null}}]},"1":{"loc":{"start":{"line":16,"column":8},"end":{"line":16,"column":25}},"type":"binary-expr","locations":[{"start":{"line":16,"column":8},"end":{"line":16,"column":16}},{"start":{"line":16,"column":20},"end":{"line":16,"column":25}}]},"2":{"loc":{"start":{"line":18,"column":6},"end":{"line":18,"column":58}},"type":"if","locations":[{"start":{"line":18,"column":6},"end":{"line":18,"column":58}}]}},"s":{"0":1,"1":1,"2":1,"3":1,"4":1,"5":1,"6":14,"7":14,"8":14,"9":14,"10":14,"11":2,"12":12,"13":12,"14":0,"15":2,"16":1,"17":1,"18":4,"19":4,"20":4,"21":0,"22":1,"23":1,"24":23,"25":23,"26":23,"27":0,"28":1,"29":1,"30":12,"31":12},"f":{"0":14,"1":4,"2":23,"3":12},"b":{"0":[14],"1":[14,14],"2":[2]}}
,"/Users/jeanvittory/Documents/Programacion/Fapi/Backend-assessment-MIR/src/api/services/favorites/fav.service.ts": {"path":"/Users/jeanvittory/Documents/Programacion/Fapi/Backend-assessment-MIR/src/api/services/favorites/fav.service.ts","statementMap":{"0":{"start":{"line":1,"column":0},"end":{"line":1,"column":40}},"1":{"start":{"line":2,"column":0},"end":{"line":2,"column":43}},"2":{"start":{"line":6,"column":0},"end":{"line":6,"column":64}},"3":{"start":{"line":7,"column":0},"end":{"line":7,"column":75}},"4":{"start":{"line":8,"column":0},"end":{"line":8,"column":66}},"5":{"start":{"line":9,"column":0},"end":{"line":9,"column":67}},"6":{"start":{"line":10,"column":0},"end":{"line":10,"column":50}},"7":{"start":{"line":12,"column":34},"end":{"line":30,"column":1}},"8":{"start":{"line":13,"column":2},"end":{"line":29,"column":null}},"9":{"start":{"line":14,"column":25},"end":{"line":14,"column":29}},"10":{"start":{"line":15,"column":20},"end":{"line":15,"column":59}},"11":{"start":{"line":16,"column":18},"end":{"line":16,"column":67}},"12":{"start":{"line":16,"column":45},"end":{"line":16,"column":66}},"13":{"start":{"line":17,"column":4},"end":{"line":20,"column":null}},"14":{"start":{"line":18,"column":21},"end":{"line":18,"column":50}},"15":{"start":{"line":19,"column":6},"end":{"line":19,"column":70}},"16":{"start":{"line":21,"column":35},"end":{"line":21,"column":40}},"17":{"start":{"line":22,"column":4},"end":{"line":22,"column":57}},"18":{"start":{"line":24,"column":4},"end":{"line":26,"column":null}},"19":{"start":{"line":25,"column":6},"end":{"line":25,"column":48}},"20":{"start":{"line":27,"column":4},"end":{"line":27,"column":24}},"21":{"start":{"line":28,"column":4},"end":{"line":28,"column":52}},"22":{"start":{"line":12,"column":13},"end":{"line":12,"column":34}},"23":{"start":{"line":32,"column":41},"end":{"line":45,"column":1}},"24":{"start":{"line":37,"column":2},"end":{"line":44,"column":null}},"25":{"start":{"line":38,"column":26},"end":{"line":40,"column":6}},"26":{"start":{"line":41,"column":4},"end":{"line":41,"column":25}},"27":{"start":{"line":43,"column":4},"end":{"line":43,"column":16}},"28":{"start":{"line":32,"column":13},"end":{"line":32,"column":41}},"29":{"start":{"line":47,"column":41},"end":{"line":61,"column":1}},"30":{"start":{"line":51,"column":2},"end":{"line":60,"column":null}},"31":{"start":{"line":52,"column":30},"end":{"line":52,"column":59}},"32":{"start":{"line":53,"column":19},"end":{"line":56,"column":6}},"33":{"start":{"line":57,"column":4},"end":{"line":57,"column":18}},"34":{"start":{"line":59,"column":4},"end":{"line":59,"column":16}},"35":{"start":{"line":47,"column":13},"end":{"line":47,"column":41}},"36":{"start":{"line":63,"column":44},"end":{"line":89,"column":1}},"37":{"start":{"line":64,"column":2},"end":{"line":88,"column":null}},"38":{"start":{"line":65,"column":4},"end":{"line":81,"column":7}},"39":{"start":{"line":83,"column":4},"end":{"line":85,"column":null}},"40":{"start":{"line":84,"column":6},"end":{"line":84,"column":48}},"41":{"start":{"line":86,"column":4},"end":{"line":86,"column":24}},"42":{"start":{"line":87,"column":4},"end":{"line":87,"column":52}},"43":{"start":{"line":63,"column":13},"end":{"line":63,"column":44}},"44":{"start":{"line":91,"column":47},"end":{"line":106,"column":1}},"45":{"start":{"line":92,"column":2},"end":{"line":105,"column":null}},"46":{"start":{"line":93,"column":19},"end":{"line":97,"column":6}},"47":{"start":{"line":98,"column":4},"end":{"line":98,"column":18}},"48":{"start":{"line":100,"column":4},"end":{"line":102,"column":null}},"49":{"start":{"line":101,"column":6},"end":{"line":101,"column":48}},"50":{"start":{"line":103,"column":4},"end":{"line":103,"column":24}},"51":{"start":{"line":104,"column":4},"end":{"line":104,"column":52}},"52":{"start":{"line":91,"column":13},"end":{"line":91,"column":47}}},"fnMap":{"0":{"name":"(anonymous_1)","decl":{"start":{"line":12,"column":34},"end":{"line":12,"column":39}},"loc":{"start":{"line":12,"column":108},"end":{"line":30,"column":1}}},"1":{"name":"(anonymous_2)","decl":{"start":{"line":16,"column":36},"end":{"line":16,"column":37}},"loc":{"start":{"line":16,"column":45},"end":{"line":16,"column":66}}},"2":{"name":"(anonymous_3)","decl":{"start":{"line":32,"column":41},"end":{"line":32,"column":46}},"loc":{"start":{"line":36,"column":62},"end":{"line":45,"column":1}}},"3":{"name":"(anonymous_4)","decl":{"start":{"line":47,"column":41},"end":{"line":47,"column":46}},"loc":{"start":{"line":50,"column":38},"end":{"line":61,"column":1}}},"4":{"name":"(anonymous_5)","decl":{"start":{"line":63,"column":44},"end":{"line":63,"column":49}},"loc":{"start":{"line":63,"column":84},"end":{"line":89,"column":1}}},"5":{"name":"(anonymous_6)","decl":{"start":{"line":91,"column":47},"end":{"line":91,"column":52}},"loc":{"start":{"line":91,"column":72},"end":{"line":106,"column":1}}}},"branchMap":{"0":{"loc":{"start":{"line":17,"column":4},"end":{"line":20,"column":null}},"type":"if","locations":[{"start":{"line":17,"column":4},"end":{"line":20,"column":null}}]},"1":{"loc":{"start":{"line":24,"column":4},"end":{"line":26,"column":null}},"type":"if","locations":[{"start":{"line":24,"column":4},"end":{"line":26,"column":null}}]},"2":{"loc":{"start":{"line":83,"column":4},"end":{"line":85,"column":null}},"type":"if","locations":[{"start":{"line":83,"column":4},"end":{"line":85,"column":null}}]},"3":{"loc":{"start":{"line":100,"column":4},"end":{"line":102,"column":null}},"type":"if","locations":[{"start":{"line":100,"column":4},"end":{"line":102,"column":null}}]}},"s":{"0":2,"1":2,"2":2,"3":2,"4":2,"5":2,"6":2,"7":2,"8":0,"9":0,"10":0,"11":0,"12":0,"13":0,"14":0,"15":0,"16":0,"17":0,"18":0,"19":0,"20":0,"21":0,"22":2,"23":2,"24":1,"25":1,"26":1,"27":0,"28":2,"29":2,"30":1,"31":1,"32":1,"33":1,"34":0,"35":2,"36":2,"37":1,"38":1,"39":0,"40":0,"41":0,"42":0,"43":2,"44":2,"45":1,"46":1,"47":1,"48":0,"49":0,"50":0,"51":0,"52":2},"f":{"0":0,"1":0,"2":1,"3":1,"4":1,"5":1},"b":{"0":[0],"1":[0],"2":[0],"3":[0]}}
,"/Users/jeanvittory/Documents/Programacion/Fapi/Backend-assessment-MIR/src/api/services/item/item.service.ts": {"path":"/Users/jeanvittory/Documents/Programacion/Fapi/Backend-assessment-MIR/src/api/services/item/item.service.ts","statementMap":{"0":{"start":{"line":1,"column":0},"end":{"line":1,"column":43}},"1":{"start":{"line":5,"column":33},"end":{"line":14,"column":1}},"2":{"start":{"line":6,"column":2},"end":{"line":13,"column":null}},"3":{"start":{"line":7,"column":19},"end":{"line":9,"column":6}},"4":{"start":{"line":10,"column":4},"end":{"line":10,"column":18}},"5":{"start":{"line":12,"column":4},"end":{"line":12,"column":16}},"6":{"start":{"line":5,"column":13},"end":{"line":5,"column":33}}},"fnMap":{"0":{"name":"(anonymous_1)","decl":{"start":{"line":5,"column":33},"end":{"line":5,"column":38}},"loc":{"start":{"line":5,"column":88},"end":{"line":14,"column":1}}}},"branchMap":{},"s":{"0":3,"1":3,"2":4,"3":4,"4":4,"5":0,"6":3},"f":{"0":4},"b":{}}
,"/Users/jeanvittory/Documents/Programacion/Fapi/Backend-assessment-MIR/src/api/services/users/users.service.ts": {"path":"/Users/jeanvittory/Documents/Programacion/Fapi/Backend-assessment-MIR/src/api/services/users/users.service.ts","statementMap":{"0":{"start":{"line":1,"column":0},"end":{"line":1,"column":40}},"1":{"start":{"line":2,"column":0},"end":{"line":2,"column":66}},"2":{"start":{"line":5,"column":0},"end":{"line":5,"column":43}},"3":{"start":{"line":6,"column":0},"end":{"line":6,"column":67}},"4":{"start":{"line":7,"column":0},"end":{"line":7,"column":50}},"5":{"start":{"line":8,"column":0},"end":{"line":8,"column":62}},"6":{"start":{"line":10,"column":26},"end":{"line":24,"column":1}},"7":{"start":{"line":11,"column":2},"end":{"line":23,"column":null}},"8":{"start":{"line":12,"column":27},"end":{"line":12,"column":58}},"9":{"start":{"line":13,"column":17},"end":{"line":15,"column":6}},"10":{"start":{"line":16,"column":4},"end":{"line":16,"column":27}},"11":{"start":{"line":18,"column":4},"end":{"line":20,"column":null}},"12":{"start":{"line":19,"column":6},"end":{"line":19,"column":48}},"13":{"start":{"line":21,"column":4},"end":{"line":21,"column":24}},"14":{"start":{"line":22,"column":4},"end":{"line":22,"column":52}},"15":{"start":{"line":10,"column":13},"end":{"line":10,"column":26}},"16":{"start":{"line":26,"column":30},"end":{"line":41,"column":1}},"17":{"start":{"line":27,"column":2},"end":{"line":40,"column":null}},"18":{"start":{"line":28,"column":4},"end":{"line":33,"column":7}},"19":{"start":{"line":35,"column":4},"end":{"line":37,"column":null}},"20":{"start":{"line":36,"column":6},"end":{"line":36,"column":48}},"21":{"start":{"line":38,"column":4},"end":{"line":38,"column":32}},"22":{"start":{"line":39,"column":4},"end":{"line":39,"column":52}},"23":{"start":{"line":26,"column":13},"end":{"line":26,"column":30}},"24":{"start":{"line":43,"column":42},"end":{"line":58,"column":1}},"25":{"start":{"line":44,"column":2},"end":{"line":57,"column":null}},"26":{"start":{"line":45,"column":4},"end":{"line":50,"column":7}},"27":{"start":{"line":52,"column":4},"end":{"line":54,"column":null}},"28":{"start":{"line":53,"column":6},"end":{"line":53,"column":48}},"29":{"start":{"line":55,"column":4},"end":{"line":55,"column":24}},"30":{"start":{"line":56,"column":4},"end":{"line":56,"column":52}},"31":{"start":{"line":43,"column":13},"end":{"line":43,"column":42}}},"fnMap":{"0":{"name":"(anonymous_1)","decl":{"start":{"line":10,"column":26},"end":{"line":10,"column":31}},"loc":{"start":{"line":10,"column":76},"end":{"line":24,"column":1}}},"1":{"name":"(anonymous_2)","decl":{"start":{"line":26,"column":30},"end":{"line":26,"column":35}},"loc":{"start":{"line":26,"column":76},"end":{"line":41,"column":1}}},"2":{"name":"(anonymous_3)","decl":{"start":{"line":43,"column":42},"end":{"line":43,"column":47}},"loc":{"start":{"line":43,"column":66},"end":{"line":58,"column":1}}}},"branchMap":{"0":{"loc":{"start":{"line":18,"column":4},"end":{"line":20,"column":null}},"type":"if","locations":[{"start":{"line":18,"column":4},"end":{"line":20,"column":null}}]},"1":{"loc":{"start":{"line":35,"column":4},"end":{"line":37,"column":null}},"type":"if","locations":[{"start":{"line":35,"column":4},"end":{"line":37,"column":null}}]},"2":{"loc":{"start":{"line":52,"column":4},"end":{"line":54,"column":null}},"type":"if","locations":[{"start":{"line":52,"column":4},"end":{"line":54,"column":null}}]}},"s":{"0":3,"1":3,"2":3,"3":3,"4":3,"5":3,"6":3,"7":24,"8":24,"9":24,"10":24,"11":0,"12":0,"13":0,"14":0,"15":3,"16":3,"17":20,"18":20,"19":1,"20":1,"21":0,"22":0,"23":3,"24":3,"25":1,"26":1,"27":0,"28":0,"29":0,"30":0,"31":3},"f":{"0":24,"1":20,"2":1},"b":{"0":[0],"1":[1],"2":[0]}}
,"/Users/jeanvittory/Documents/Programacion/Fapi/Backend-assessment-MIR/src/api/utils/passwordEncryption.utils.ts": {"path":"/Users/jeanvittory/Documents/Programacion/Fapi/Backend-assessment-MIR/src/api/utils/passwordEncryption.utils.ts","statementMap":{"0":{"start":{"line":1,"column":0},"end":{"line":1,"column":28}},"1":{"start":{"line":3,"column":24},"end":{"line":10,"column":1}},"2":{"start":{"line":4,"column":2},"end":{"line":9,"column":null}},"3":{"start":{"line":5,"column":17},"end":{"line":5,"column":44}},"4":{"start":{"line":6,"column":4},"end":{"line":6,"column":16}},"5":{"start":{"line":8,"column":4},"end":{"line":8,"column":17}},"6":{"start":{"line":12,"column":0},"end":{"line":12,"column":31}}},"fnMap":{"0":{"name":"(anonymous_1)","decl":{"start":{"line":3,"column":24},"end":{"line":3,"column":29}},"loc":{"start":{"line":3,"column":68},"end":{"line":10,"column":1}}}},"branchMap":{},"s":{"0":3,"1":3,"2":24,"3":24,"4":24,"5":0,"6":3},"f":{"0":24},"b":{}}
,"/Users/jeanvittory/Documents/Programacion/Fapi/Backend-assessment-MIR/src/api/utils/validatePasswords.utils.ts": {"path":"/Users/jeanvittory/Documents/Programacion/Fapi/Backend-assessment-MIR/src/api/utils/validatePasswords.utils.ts","statementMap":{"0":{"start":{"line":1,"column":0},"end":{"line":1,"column":28}},"1":{"start":{"line":3,"column":25},"end":{"line":9,"column":1}},"2":{"start":{"line":4,"column":2},"end":{"line":8,"column":null}},"3":{"start":{"line":5,"column":4},"end":{"line":5,"column":54}},"4":{"start":{"line":7,"column":4},"end":{"line":7,"column":16}},"5":{"start":{"line":11,"column":0},"end":{"line":11,"column":32}}},"fnMap":{"0":{"name":"(anonymous_1)","decl":{"start":{"line":3,"column":25},"end":{"line":3,"column":30}},"loc":{"start":{"line":3,"column":91},"end":{"line":9,"column":1}}}},"branchMap":{},"s":{"0":1,"1":1,"2":14,"3":14,"4":0,"5":1},"f":{"0":14},"b":{}}
,"/Users/jeanvittory/Documents/Programacion/Fapi/Backend-assessment-MIR/src/config/Backoffice.config.ts": {"path":"/Users/jeanvittory/Documents/Programacion/Fapi/Backend-assessment-MIR/src/config/Backoffice.config.ts","statementMap":{"0":{"start":{"line":2,"column":0},"end":{"line":2,"column":38}},"1":{"start":{"line":3,"column":0},"end":{"line":3,"column":31}},"2":{"start":{"line":8,"column":4},"end":{"line":8,"column":39}},"3":{"start":{"line":9,"column":4},"end":{"line":9,"column":32}},"4":{"start":{"line":13,"column":4},"end":{"line":13,"column":40}},"5":{"start":{"line":17,"column":4},"end":{"line":17,"column":33}},"6":{"start":{"line":21,"column":4},"end":{"line":21,"column":31}},"7":{"start":{"line":4,"column":0},"end":{"line":4,"column":13}}},"fnMap":{"0":{"name":"(anonymous_1)","decl":{"start":{"line":7,"column":2},"end":{"line":7,"column":7}},"loc":{"start":{"line":7,"column":13},"end":{"line":10,"column":3}}},"1":{"name":"(anonymous_2)","decl":{"start":{"line":12,"column":2},"end":{"line":12,"column":6}},"loc":{"start":{"line":12,"column":16},"end":{"line":14,"column":3}}},"2":{"name":"(anonymous_3)","decl":{"start":{"line":16,"column":2},"end":{"line":16,"column":6}},"loc":{"start":{"line":16,"column":9},"end":{"line":18,"column":3}}},"3":{"name":"(anonymous_4)","decl":{"start":{"line":20,"column":2},"end":{"line":20,"column":7}},"loc":{"start":{"line":20,"column":12},"end":{"line":22,"column":3}}}},"branchMap":{},"s":{"0":1,"1":1,"2":1,"3":1,"4":0,"5":0,"6":0,"7":1},"f":{"0":1,"1":0,"2":0,"3":0},"b":{}}
,"/Users/jeanvittory/Documents/Programacion/Fapi/Backend-assessment-MIR/src/config/app.config.ts": {"path":"/Users/jeanvittory/Documents/Programacion/Fapi/Backend-assessment-MIR/src/config/app.config.ts","statementMap":{"0":{"start":{"line":1,"column":0},"end":{"line":1,"column":30}},"1":{"start":{"line":2,"column":0},"end":{"line":2,"column":29}},"2":{"start":{"line":3,"column":0},"end":{"line":3,"column":47}},"3":{"start":{"line":4,"column":0},"end":{"line":4,"column":37}},"4":{"start":{"line":5,"column":0},"end":{"line":5,"column":63}},"5":{"start":{"line":6,"column":0},"end":{"line":6,"column":44}},"6":{"start":{"line":14,"column":4},"end":{"line":14,"column":21}},"7":{"start":{"line":15,"column":4},"end":{"line":15,"column":29}},"8":{"start":{"line":16,"column":4},"end":{"line":16,"column":30}},"9":{"start":{"line":17,"column":4},"end":{"line":17,"column":25}},"10":{"start":{"line":18,"column":4},"end":{"line":18,"column":54}},"11":{"start":{"line":19,"column":4},"end":{"line":19,"column":35}},"12":{"start":{"line":23,"column":4},"end":{"line":28,"column":7}},"13":{"start":{"line":24,"column":6},"end":{"line":27,"column":9}},"14":{"start":{"line":25,"column":8},"end":{"line":25,"column":59}},"15":{"start":{"line":26,"column":8},"end":{"line":26,"column":33}},"16":{"start":{"line":32,"column":4},"end":{"line":32,"column":27}},"17":{"start":{"line":36,"column":4},"end":{"line":36,"column":24}},"18":{"start":{"line":40,"column":4},"end":{"line":50,"column":7}},"19":{"start":{"line":41,"column":6},"end":{"line":48,"column":null}},"20":{"start":{"line":42,"column":8},"end":{"line":47,"column":11}},"21":{"start":{"line":43,"column":10},"end":{"line":45,"column":null}},"22":{"start":{"line":44,"column":12},"end":{"line":44,"column":33}},"23":{"start":{"line":46,"column":10},"end":{"line":46,"column":27}},"24":{"start":{"line":49,"column":6},"end":{"line":49,"column":16}},"25":{"start":{"line":8,"column":0},"end":{"line":8,"column":13}}},"fnMap":{"0":{"name":"(anonymous_7)","decl":{"start":{"line":13,"column":2},"end":{"line":13,"column":14}},"loc":{"start":{"line":13,"column":26},"end":{"line":20,"column":3}}},"1":{"name":"(anonymous_8)","decl":{"start":{"line":22,"column":2},"end":{"line":22,"column":7}},"loc":{"start":{"line":22,"column":13},"end":{"line":29,"column":3}}},"2":{"name":"(anonymous_9)","decl":{"start":{"line":23,"column":23},"end":{"line":23,"column":24}},"loc":{"start":{"line":23,"column":35},"end":{"line":28,"column":5}}},"3":{"name":"(anonymous_10)","decl":{"start":{"line":24,"column":55},"end":{"line":24,"column":58}},"loc":{"start":{"line":24,"column":60},"end":{"line":27,"column":7}}},"4":{"name":"(anonymous_11)","decl":{"start":{"line":31,"column":2},"end":{"line":31,"column":15}},"loc":{"start":{"line":31,"column":15},"end":{"line":33,"column":3}}},"5":{"name":"(anonymous_12)","decl":{"start":{"line":35,"column":2},"end":{"line":35,"column":8}},"loc":{"start":{"line":35,"column":8},"end":{"line":37,"column":3}}},"6":{"name":"(anonymous_13)","decl":{"start":{"line":39,"column":2},"end":{"line":39,"column":7}},"loc":{"start":{"line":39,"column":12},"end":{"line":51,"column":3}}},"7":{"name":"(anonymous_14)","decl":{"start":{"line":40,"column":23},"end":{"line":40,"column":24}},"loc":{"start":{"line":40,"column":43},"end":{"line":50,"column":5}}},"8":{"name":"(anonymous_15)","decl":{"start":{"line":42,"column":30},"end":{"line":42,"column":31}},"loc":{"start":{"line":42,"column":40},"end":{"line":47,"column":9}}}},"branchMap":{"0":{"loc":{"start":{"line":41,"column":6},"end":{"line":48,"column":null}},"type":"if","locations":[{"start":{"line":41,"column":6},"end":{"line":48,"column":null}}]},"1":{"loc":{"start":{"line":43,"column":10},"end":{"line":45,"column":null}},"type":"if","locations":[{"start":{"line":43,"column":10},"end":{"line":45,"column":null}}]}},"s":{"0":1,"1":1,"2":1,"3":1,"4":1,"5":1,"6":1,"7":1,"8":1,"9":1,"10":1,"11":1,"12":1,"13":1,"14":1,"15":1,"16":0,"17":0,"18":0,"19":0,"20":0,"21":0,"22":0,"23":0,"24":0,"25":1},"f":{"0":1,"1":1,"2":1,"3":1,"4":0,"5":0,"6":0,"7":0,"8":0},"b":{"0":[0],"1":[0]}}
,"/Users/jeanvittory/Documents/Programacion/Fapi/Backend-assessment-MIR/src/config/env.config.ts": {"path":"/Users/jeanvittory/Documents/Programacion/Fapi/Backend-assessment-MIR/src/config/env.config.ts","statementMap":{"0":{"start":{"line":1,"column":0},"end":{"line":1,"column":28}},"1":{"start":{"line":2,"column":0},"end":{"line":2,"column":16}},"2":{"start":{"line":4,"column":0},"end":{"line":12,"column":2}}},"fnMap":{},"branchMap":{},"s":{"0":1,"1":1,"2":1},"f":{},"b":{}}
,"/Users/jeanvittory/Documents/Programacion/Fapi/Backend-assessment-MIR/src/config/middlewares.config.ts": {"path":"/Users/jeanvittory/Documents/Programacion/Fapi/Backend-assessment-MIR/src/config/middlewares.config.ts","statementMap":{"0":{"start":{"line":1,"column":0},"end":{"line":1,"column":30}},"1":{"start":{"line":2,"column":0},"end":{"line":2,"column":24}},"2":{"start":{"line":4,"column":20},"end":{"line":8,"column":1}},"3":{"start":{"line":5,"column":2},"end":{"line":5,"column":26}},"4":{"start":{"line":6,"column":2},"end":{"line":6,"column":50}},"5":{"start":{"line":7,"column":2},"end":{"line":7,"column":18}},"6":{"start":{"line":10,"column":0},"end":{"line":10,"column":27}}},"fnMap":{"0":{"name":"(anonymous_1)","decl":{"start":{"line":4,"column":20},"end":{"line":4,"column":21}},"loc":{"start":{"line":4,"column":51},"end":{"line":8,"column":1}}}},"branchMap":{},"s":{"0":1,"1":1,"2":1,"3":1,"4":1,"5":1,"6":1},"f":{"0":1},"b":{}}
,"/Users/jeanvittory/Documents/Programacion/Fapi/Backend-assessment-MIR/src/config/routes.config.ts": {"path":"/Users/jeanvittory/Documents/Programacion/Fapi/Backend-assessment-MIR/src/config/routes.config.ts","statementMap":{"0":{"start":{"line":2,"column":0},"end":{"line":2,"column":59}},"1":{"start":{"line":3,"column":0},"end":{"line":3,"column":68}},"2":{"start":{"line":5,"column":15},"end":{"line":9,"column":1}},"3":{"start":{"line":6,"column":17},"end":{"line":6,"column":32}},"4":{"start":{"line":7,"column":2},"end":{"line":7,"column":29}},"5":{"start":{"line":8,"column":2},"end":{"line":8,"column":29}},"6":{"start":{"line":11,"column":0},"end":{"line":11,"column":22}}},"fnMap":{"0":{"name":"(anonymous_0)","decl":{"start":{"line":5,"column":15},"end":{"line":5,"column":16}},"loc":{"start":{"line":5,"column":40},"end":{"line":9,"column":1}}}},"branchMap":{},"s":{"0":1,"1":1,"2":1,"3":1,"4":1,"5":1,"6":1},"f":{"0":1},"b":{}}
,"/Users/jeanvittory/Documents/Programacion/Fapi/Backend-assessment-MIR/src/config/constants/rootRoutes.constants.ts": {"path":"/Users/jeanvittory/Documents/Programacion/Fapi/Backend-assessment-MIR/src/config/constants/rootRoutes.constants.ts","statementMap":{"0":{"start":{"line":1,"column":13},"end":{"line":1,"column":42}},"1":{"start":{"line":2,"column":13},"end":{"line":2,"column":40}}},"fnMap":{},"branchMap":{},"s":{"0":1,"1":1},"f":{},"b":{}}
,"/Users/jeanvittory/Documents/Programacion/Fapi/Backend-assessment-MIR/src/config/errorsHandler/ApiErrors.config.ts": {"path":"/Users/jeanvittory/Documents/Programacion/Fapi/Backend-assessment-MIR/src/config/errorsHandler/ApiErrors.config.ts","statementMap":{"0":{"start":{"line":5,"column":4},"end":{"line":5,"column":12}},"1":{"start":{"line":6,"column":4},"end":{"line":6,"column":25}},"2":{"start":{"line":7,"column":4},"end":{"line":7,"column":27}},"3":{"start":{"line":11,"column":4},"end":{"line":11,"column":61}},"4":{"start":{"line":15,"column":4},"end":{"line":15,"column":82}},"5":{"start":{"line":19,"column":4},"end":{"line":19,"column":70}},"6":{"start":{"line":23,"column":4},"end":{"line":23,"column":42}},"7":{"start":{"line":27,"column":4},"end":{"line":27,"column":71}},"8":{"start":{"line":1,"column":0},"end":{"line":1,"column":13}}},"fnMap":{"0":{"name":"(anonymous_0)","decl":{"start":{"line":4,"column":2},"end":{"line":4,"column":14}},"loc":{"start":{"line":4,"column":45},"end":{"line":8,"column":3}}},"1":{"name":"(anonymous_1)","decl":{"start":{"line":10,"column":2},"end":{"line":10,"column":8}},"loc":{"start":{"line":10,"column":36},"end":{"line":12,"column":3}}},"2":{"name":"(anonymous_2)","decl":{"start":{"line":14,"column":2},"end":{"line":14,"column":8}},"loc":{"start":{"line":14,"column":38},"end":{"line":16,"column":3}}},"3":{"name":"(anonymous_3)","decl":{"start":{"line":18,"column":2},"end":{"line":18,"column":8}},"loc":{"start":{"line":18,"column":35},"end":{"line":20,"column":3}}},"4":{"name":"(anonymous_4)","decl":{"start":{"line":22,"column":2},"end":{"line":22,"column":8}},"loc":{"start":{"line":22,"column":34},"end":{"line":24,"column":3}}},"5":{"name":"(anonymous_5)","decl":{"start":{"line":26,"column":2},"end":{"line":26,"column":8}},"loc":{"start":{"line":26,"column":33},"end":{"line":28,"column":3}}}},"branchMap":{"0":{"loc":{"start":{"line":11,"column":32},"end":{"line":11,"column":57}},"type":"binary-expr","locations":[{"start":{"line":11,"column":32},"end":{"line":11,"column":39}},{"start":{"line":11,"column":43},"end":{"line":11,"column":57}}]},"1":{"loc":{"start":{"line":15,"column":32},"end":{"line":15,"column":78}},"type":"binary-expr","locations":[{"start":{"line":15,"column":32},"end":{"line":15,"column":39}},{"start":{"line":15,"column":43},"end":{"line":15,"column":78}}]},"2":{"loc":{"start":{"line":19,"column":32},"end":{"line":19,"column":66}},"type":"binary-expr","locations":[{"start":{"line":19,"column":32},"end":{"line":19,"column":39}},{"start":{"line":19,"column":43},"end":{"line":19,"column":66}}]},"3":{"loc":{"start":{"line":27,"column":32},"end":{"line":27,"column":67}},"type":"binary-expr","locations":[{"start":{"line":27,"column":32},"end":{"line":27,"column":39}},{"start":{"line":27,"column":43},"end":{"line":27,"column":67}}]}},"s":{"0":14,"1":14,"2":14,"3":8,"4":2,"5":4,"6":0,"7":0,"8":3},"f":{"0":14,"1":8,"2":2,"3":4,"4":0,"5":0},"b":{"0":[8,0],"1":[2,2],"2":[4,4],"3":[0,0]}}
,"/Users/jeanvittory/Documents/Programacion/Fapi/Backend-assessment-MIR/src/config/errorsHandler/PrismaError.config.ts": {"path":"/Users/jeanvittory/Documents/Programacion/Fapi/Backend-assessment-MIR/src/config/errorsHandler/PrismaError.config.ts","statementMap":{"0":{"start":{"line":4,"column":4},"end":{"line":4,"column":12}},"1":{"start":{"line":5,"column":4},"end":{"line":5,"column":27}},"2":{"start":{"line":6,"column":4},"end":{"line":6,"column":25}},"3":{"start":{"line":10,"column":0},"end":{"line":10,"column":27}}},"fnMap":{"0":{"name":"(anonymous_0)","decl":{"start":{"line":3,"column":2},"end":{"line":3,"column":14}},"loc":{"start":{"line":3,"column":45},"end":{"line":7,"column":3}}}},"branchMap":{},"s":{"0":1,"1":1,"2":1,"3":3},"f":{"0":1},"b":{}}
,"/Users/jeanvittory/Documents/Programacion/Fapi/Backend-assessment-MIR/src/config/errorsHandler/errorHandler.config.ts": {"path":"/Users/jeanvittory/Documents/Programacion/Fapi/Backend-assessment-MIR/src/config/errorsHandler/errorHandler.config.ts","statementMap":{"0":{"start":{"line":2,"column":0},"end":{"line":2,"column":46}},"1":{"start":{"line":5,"column":2},"end":{"line":7,"column":null}},"2":{"start":{"line":6,"column":4},"end":{"line":6,"column":56}},"3":{"start":{"line":8,"column":2},"end":{"line":8,"column":50}},"4":{"start":{"line":4,"column":0},"end":{"line":4,"column":24}}},"fnMap":{"0":{"name":"errorHandler","decl":{"start":{"line":4,"column":24},"end":{"line":4,"column":36}},"loc":{"start":{"line":4,"column":98},"end":{"line":9,"column":1}}}},"branchMap":{"0":{"loc":{"start":{"line":5,"column":2},"end":{"line":7,"column":null}},"type":"if","locations":[{"start":{"line":5,"column":2},"end":{"line":7,"column":null}}]}},"s":{"0":1,"1":14,"2":14,"3":0,"4":1},"f":{"0":14},"b":{"0":[14]}}
,"/Users/jeanvittory/Documents/Programacion/Fapi/Backend-assessment-MIR/src/config/logger/devLogger.config.ts": {"path":"/Users/jeanvittory/Documents/Programacion/Fapi/Backend-assessment-MIR/src/config/logger/devLogger.config.ts","statementMap":{"0":{"start":{"line":1,"column":0},"end":{"line":1,"column":59}},"1":{"start":{"line":2,"column":57},"end":{"line":2,"column":63}},"2":{"start":{"line":4,"column":33},"end":{"line":13,"column":1}},"3":{"start":{"line":5,"column":24},"end":{"line":7,"column":4}},"4":{"start":{"line":6,"column":4},"end":{"line":6,"column":56}},"5":{"start":{"line":8,"column":2},"end":{"line":12,"column":5}},"6":{"start":{"line":4,"column":13},"end":{"line":4,"column":33}}},"fnMap":{"0":{"name":"(anonymous_0)","decl":{"start":{"line":4,"column":33},"end":{"line":4,"column":36}},"loc":{"start":{"line":4,"column":38},"end":{"line":13,"column":1}}},"1":{"name":"(anonymous_1)","decl":{"start":{"line":5,"column":31},"end":{"line":5,"column":32}},"loc":{"start":{"line":5,"column":72},"end":{"line":7,"column":3}}}},"branchMap":{"0":{"loc":{"start":{"line":6,"column":37},"end":{"line":6,"column":53}},"type":"binary-expr","locations":[{"start":{"line":6,"column":37},"end":{"line":6,"column":42}},{"start":{"line":6,"column":46},"end":{"line":6,"column":53}}]}},"s":{"0":3,"1":3,"2":3,"3":3,"4":7,"5":3,"6":3},"f":{"0":3,"1":7},"b":{"0":[7,3]}}
,"/Users/jeanvittory/Documents/Programacion/Fapi/Backend-assessment-MIR/src/config/logger/logger.config.ts": {"path":"/Users/jeanvittory/Documents/Programacion/Fapi/Backend-assessment-MIR/src/config/logger/logger.config.ts","statementMap":{"0":{"start":{"line":1,"column":0},"end":{"line":1,"column":55}},"1":{"start":{"line":2,"column":0},"end":{"line":2,"column":55}},"2":{"start":{"line":6,"column":0},"end":{"line":10,"column":null}},"3":{"start":{"line":7,"column":2},"end":{"line":7,"column":31}},"4":{"start":{"line":9,"column":2},"end":{"line":9,"column":30}},"5":{"start":{"line":12,"column":0},"end":{"line":12,"column":22}}},"fnMap":{},"branchMap":{"0":{"loc":{"start":{"line":6,"column":0},"end":{"line":10,"column":null}},"type":"if","locations":[{"start":{"line":6,"column":0},"end":{"line":10,"column":null}},{"start":{"line":8,"column":7},"end":{"line":10,"column":null}}]},"1":{"loc":{"start":{"line":6,"column":4},"end":{"line":6,"column":77}},"type":"binary-expr","locations":[{"start":{"line":6,"column":4},"end":{"line":6,"column":42}},{"start":{"line":6,"column":46},"end":{"line":6,"column":77}}]}},"s":{"0":3,"1":3,"2":3,"3":3,"4":0,"5":3},"f":{},"b":{"0":[3,0],"1":[3,3]}}
,"/Users/jeanvittory/Documents/Programacion/Fapi/Backend-assessment-MIR/src/config/logger/prodLogger.config.ts": {"path":"/Users/jeanvittory/Documents/Programacion/Fapi/Backend-assessment-MIR/src/config/logger/prodLogger.config.ts","statementMap":{"0":{"start":{"line":1,"column":0},"end":{"line":1,"column":59}},"1":{"start":{"line":2,"column":55},"end":{"line":2,"column":61}},"2":{"start":{"line":4,"column":32},"end":{"line":18,"column":1}},"3":{"start":{"line":5,"column":2},"end":{"line":17,"column":5}},"4":{"start":{"line":4,"column":13},"end":{"line":4,"column":32}}},"fnMap":{"0":{"name":"(anonymous_0)","decl":{"start":{"line":4,"column":32},"end":{"line":4,"column":35}},"loc":{"start":{"line":4,"column":37},"end":{"line":18,"column":1}}}},"branchMap":{},"s":{"0":3,"1":3,"2":3,"3":0,"4":3},"f":{"0":0},"b":{}}
,"/Users/jeanvittory/Documents/Programacion/Fapi/Backend-assessment-MIR/src/test/integration/auth/mock.ts": {"path":"/Users/jeanvittory/Documents/Programacion/Fapi/Backend-assessment-MIR/src/test/integration/auth/mock.ts","statementMap":{"0":{"start":{"line":1,"column":13},"end":{"line":5,"column":2}},"1":{"start":{"line":7,"column":13},"end":{"line":10,"column":2}},"2":{"start":{"line":12,"column":13},"end":{"line":16,"column":2}},"3":{"start":{"line":18,"column":13},"end":{"line":21,"column":2}},"4":{"start":{"line":23,"column":13},"end":{"line":25,"column":2}},"5":{"start":{"line":27,"column":13},"end":{"line":30,"column":2}}},"fnMap":{},"branchMap":{},"s":{"0":1,"1":1,"2":1,"3":1,"4":1,"5":1},"f":{},"b":{}}
,"/Users/jeanvittory/Documents/Programacion/Fapi/Backend-assessment-MIR/src/test/unit/favorites/mocks.ts": {"path":"/Users/jeanvittory/Documents/Programacion/Fapi/Backend-assessment-MIR/src/test/unit/favorites/mocks.ts","statementMap":{"0":{"start":{"line":1,"column":13},"end":{"line":5,"column":2}},"1":{"start":{"line":7,"column":13},"end":{"line":12,"column":2}},"2":{"start":{"line":14,"column":13},"end":{"line":14,"column":41}},"3":{"start":{"line":16,"column":13},"end":{"line":16,"column":37}},"4":{"start":{"line":18,"column":13},"end":{"line":21,"column":2}},"5":{"start":{"line":22,"column":13},"end":{"line":31,"column":2}}},"fnMap":{},"branchMap":{},"s":{"0":1,"1":1,"2":1,"3":1,"4":1,"5":1},"f":{},"b":{}}
,"/Users/jeanvittory/Documents/Programacion/Fapi/Backend-assessment-MIR/src/test/unit/item/mocks.ts": {"path":"/Users/jeanvittory/Documents/Programacion/Fapi/Backend-assessment-MIR/src/test/unit/item/mocks.ts","statementMap":{"0":{"start":{"line":1,"column":13},"end":{"line":6,"column":2}}},"fnMap":{},"branchMap":{},"s":{"0":1},"f":{},"b":{}}
,"/Users/jeanvittory/Documents/Programacion/Fapi/Backend-assessment-MIR/src/test/unit/users/mocks.users.ts": {"path":"/Users/jeanvittory/Documents/Programacion/Fapi/Backend-assessment-MIR/src/test/unit/users/mocks.users.ts","statementMap":{"0":{"start":{"line":1,"column":13},"end":{"line":8,"column":2}},"1":{"start":{"line":10,"column":13},"end":{"line":27,"column":2}}},"fnMap":{},"branchMap":{},"s":{"0":1,"1":1},"f":{},"b":{}}
}
