TN:
SF:src/api/constants/regex.constants.ts
FNF:0
FNH:0
DA:1,1
LF:1
LH:1
BRF:0
BRH:0
end_of_record
TN:
SF:src/api/controllers/auth.controllers.ts
FN:7,(anonymous_1)
FN:20,(anonymous_2)
FN:33,(anonymous_3)
FNF:3
FNH:3
FNDA:14,(anonymous_1)
FNDA:4,(anonymous_2)
FNDA:23,(anonymous_3)
DA:2,1
DA:3,1
DA:4,1
DA:5,1
DA:7,1
DA:8,14
DA:9,14
DA:10,14
DA:11,12
DA:13,2
DA:14,2
DA:15,2
DA:16,0
DA:20,1
DA:21,4
DA:22,4
DA:23,4
DA:24,4
DA:26,0
DA:27,0
DA:28,0
DA:29,0
DA:33,1
DA:34,23
DA:35,23
DA:36,23
DA:38,0
DA:39,0
DA:40,0
DA:41,0
DA:42,0
LF:31
LH:21
BRDA:14,0,0,0
BRDA:15,1,0,2
BRDA:27,2,0,0
BRDA:28,3,0,0
BRDA:39,4,0,0
BRDA:41,5,0,0
BRF:6
BRH:1
end_of_record
TN:
SF:src/api/controllers/fav.controllers.ts
FN:11,(anonymous_1)
FN:25,(anonymous_2)
FN:39,(anonymous_3)
FN:54,(anonymous_4)
FNF:4
FNH:0
FNDA:0,(anonymous_1)
FNDA:0,(anonymous_2)
FNDA:0,(anonymous_3)
FNDA:0,(anonymous_4)
DA:2,1
DA:3,1
DA:4,1
DA:9,1
DA:11,1
DA:12,0
DA:13,0
DA:14,0
DA:15,0
DA:17,0
DA:18,0
DA:19,0
DA:21,0
DA:25,1
DA:26,0
DA:27,0
DA:28,0
DA:29,0
DA:31,0
DA:32,0
DA:33,0
DA:35,0
DA:39,1
DA:40,0
DA:41,0
DA:42,0
DA:43,0
DA:44,0
DA:46,0
DA:47,0
DA:48,0
DA:50,0
DA:54,1
DA:55,0
DA:56,0
DA:57,0
DA:58,0
DA:60,0
DA:61,0
DA:62,0
DA:64,0
LF:41
LH:8
BRDA:17,0,0,0
BRDA:18,1,0,0
BRDA:19,2,0,0
BRDA:31,3,0,0
BRDA:32,4,0,0
BRDA:33,5,0,0
BRDA:46,6,0,0
BRDA:47,7,0,0
BRDA:48,8,0,0
BRDA:60,9,0,0
BRDA:61,10,0,0
BRDA:62,11,0,0
BRF:12
BRH:0
end_of_record
TN:
SF:src/api/database/client.ts
FNF:0
FNH:0
DA:1,1
DA:4,1
DA:6,1
LF:3
LH:3
BRF:0
BRH:0
end_of_record
TN:
SF:src/api/database/test/reset.ts
FN:3,(anonymous_1)
FNF:1
FNH:1
FNDA:45,(anonymous_1)
DA:1,1
DA:3,1
DA:4,45
LF:3
LH:3
BRF:0
BRH:0
end_of_record
TN:
SF:src/api/database/test/singleton.ts
FN:5,(anonymous_1)
FN:10,(anonymous_2)
FNF:2
FNH:2
FNDA:3,(anonymous_1)
FNDA:9,(anonymous_2)
DA:2,3
DA:3,3
DA:5,3
DA:10,3
DA:11,9
DA:14,3
LF:6
LH:6
BRF:0
BRH:0
end_of_record
TN:
SF:src/api/joi/authentication.joi.ts
FNF:0
FNH:0
DA:1,1
DA:2,1
DA:4,1
DA:9,1
LF:4
LH:4
BRF:0
BRH:0
end_of_record
TN:
SF:src/api/joi/authorization.joi.ts
FNF:0
FNH:0
DA:1,1
DA:3,1
DA:5,1
LF:3
LH:3
BRF:0
BRH:0
end_of_record
TN:
SF:src/api/joi/register.joi.ts
FNF:0
FNH:0
DA:1,1
DA:2,1
DA:4,1
DA:10,1
LF:4
LH:4
BRF:0
BRH:0
end_of_record
TN:
SF:src/api/middlewares/isAuthenticated.middleware.ts
FN:10,(anonymous_1)
FNF:1
FNH:1
FNDA:8,(anonymous_1)
DA:2,1
DA:3,1
DA:4,1
DA:5,1
DA:6,1
DA:8,1
DA:10,1
DA:11,8
DA:12,2
DA:13,2
DA:15,6
DA:16,6
DA:17,6
DA:18,0
DA:19,0
DA:21,6
DA:22,6
DA:23,4
DA:24,4
DA:26,2
DA:27,2
DA:28,0
DA:32,1
LF:23
LH:20
BRDA:11,0,0,2
BRDA:17,1,0,0
BRDA:27,2,0,2
BRF:3
BRH:2
end_of_record
TN:
SF:src/api/middlewares/validateAuthorizationRequest.middlewares.ts
FN:5,(anonymous_1)
FNF:1
FNH:1
FNDA:18,(anonymous_1)
DA:2,1
DA:3,1
DA:5,1
DA:6,18
DA:7,18
DA:8,14
DA:11,1
LF:7
LH:7
BRDA:7,0,0,4
BRF:1
BRH:1
end_of_record
TN:
SF:src/api/middlewares/validateRegister.middleware.ts
FN:5,(anonymous_1)
FNF:1
FNH:1
FNDA:27,(anonymous_1)
DA:2,1
DA:3,1
DA:5,1
DA:6,27
DA:7,27
DA:8,4
DA:11,23
DA:14,1
LF:8
LH:8
BRDA:7,0,0,4
BRF:1
BRH:1
end_of_record
TN:
SF:src/api/router/ApiRouter.router.ts
FN:9,(anonymous_1)
FNF:1
FNH:1
FNDA:1,(anonymous_1)
DA:2,1
DA:3,1
DA:5,1
DA:10,1
DA:11,1
LF:5
LH:5
BRF:0
BRH:0
end_of_record
TN:
SF:src/api/routes/auth.routes.ts
FNF:0
FNH:0
DA:1,1
DA:2,1
DA:3,1
DA:8,1
DA:9,1
DA:10,1
DA:12,1
DA:14,1
DA:15,1
DA:16,1
DA:18,1
LF:11
LH:11
BRF:0
BRH:0
end_of_record
TN:
SF:src/api/routes/fav.routes.ts
FNF:0
FNH:0
DA:1,1
DA:2,1
DA:3,1
DA:10,1
DA:12,1
DA:13,1
DA:14,1
DA:15,1
DA:17,1
LF:9
LH:9
BRF:0
BRH:0
end_of_record
TN:
SF:src/api/routes/endpoints/auth.endpoints.ts
FNF:0
FNH:0
DA:1,1
DA:2,1
DA:3,1
LF:3
LH:3
BRF:0
BRH:0
end_of_record
TN:
SF:src/api/services/auth/auth.service.ts
FN:10,(anonymous_1)
FN:28,(anonymous_2)
FN:37,(anonymous_3)
FN:46,(anonymous_4)
FNF:4
FNH:4
FNDA:14,(anonymous_1)
FNDA:4,(anonymous_2)
FNDA:23,(anonymous_3)
FNDA:12,(anonymous_4)
DA:1,1
DA:2,1
DA:3,1
DA:4,1
DA:8,1
DA:10,1
DA:14,14
DA:15,14
DA:16,14
DA:17,14
DA:18,14
DA:19,12
DA:20,12
DA:22,0
DA:24,2
DA:28,1
DA:29,4
DA:30,4
DA:31,4
DA:33,0
DA:37,1
DA:38,23
DA:39,23
DA:40,23
DA:42,0
DA:46,1
DA:47,12
DA:48,12
LF:28
LH:25
BRDA:16,0,0,14
BRDA:16,1,0,14
BRDA:16,1,1,14
BRDA:18,2,0,2
BRF:4
BRH:4
end_of_record
TN:
SF:src/api/services/favorites/fav.service.ts
FN:12,(anonymous_1)
FN:16,(anonymous_2)
FN:32,(anonymous_3)
FN:47,(anonymous_4)
FN:63,(anonymous_5)
FN:91,(anonymous_6)
FNF:6
FNH:4
FNDA:0,(anonymous_1)
FNDA:0,(anonymous_2)
FNDA:1,(anonymous_3)
FNDA:1,(anonymous_4)
FNDA:1,(anonymous_5)
FNDA:1,(anonymous_6)
DA:1,2
DA:2,2
DA:6,2
DA:7,2
DA:8,2
DA:9,2
DA:10,2
DA:12,2
DA:13,0
DA:14,0
DA:15,0
DA:16,0
DA:17,0
DA:18,0
DA:19,0
DA:21,0
DA:22,0
DA:24,0
DA:25,0
DA:27,0
DA:28,0
DA:32,2
DA:37,1
DA:38,1
DA:41,1
DA:43,0
DA:47,2
DA:51,1
DA:52,1
DA:53,1
DA:57,1
DA:59,0
DA:63,2
DA:64,1
DA:65,1
DA:83,0
DA:84,0
DA:86,0
DA:87,0
DA:91,2
DA:92,1
DA:93,1
DA:98,1
DA:100,0
DA:101,0
DA:103,0
DA:104,0
LF:47
LH:24
BRDA:17,0,0,0
BRDA:24,1,0,0
BRDA:83,2,0,0
BRDA:100,3,0,0
BRF:4
BRH:0
end_of_record
TN:
SF:src/api/services/item/item.service.ts
FN:5,(anonymous_1)
FNF:1
FNH:1
FNDA:4,(anonymous_1)
DA:1,3
DA:5,3
DA:6,4
DA:7,4
DA:10,4
DA:12,0
LF:6
LH:5
BRF:0
BRH:0
end_of_record
TN:
SF:src/api/services/users/users.service.ts
FN:10,(anonymous_1)
FN:26,(anonymous_2)
FN:43,(anonymous_3)
FNF:3
FNH:3
FNDA:24,(anonymous_1)
FNDA:20,(anonymous_2)
FNDA:1,(anonymous_3)
DA:1,3
DA:2,3
DA:5,3
DA:6,3
DA:7,3
DA:8,3
DA:10,3
DA:11,24
DA:12,24
DA:13,24
DA:16,24
DA:18,0
DA:19,0
DA:21,0
DA:22,0
DA:26,3
DA:27,20
DA:28,20
DA:35,1
DA:36,1
DA:38,0
DA:39,0
DA:43,3
DA:44,1
DA:45,1
DA:52,0
DA:53,0
DA:55,0
DA:56,0
LF:29
LH:19
BRDA:18,0,0,0
BRDA:35,1,0,1
BRDA:52,2,0,0
BRF:3
BRH:1
end_of_record
TN:
SF:src/api/utils/passwordEncryption.utils.ts
FN:3,(anonymous_1)
FNF:1
FNH:1
FNDA:24,(anonymous_1)
DA:1,3
DA:3,3
DA:4,24
DA:5,24
DA:6,24
DA:8,0
DA:12,3
LF:7
LH:6
BRF:0
BRH:0
end_of_record
TN:
SF:src/api/utils/validatePasswords.utils.ts
FN:3,(anonymous_1)
FNF:1
FNH:1
FNDA:14,(anonymous_1)
DA:1,1
DA:3,1
DA:4,14
DA:5,14
DA:7,0
DA:11,1
LF:6
LH:5
BRF:0
BRH:0
end_of_record
TN:
SF:src/config/Backoffice.config.ts
FN:7,(anonymous_1)
FN:12,(anonymous_2)
FN:16,(anonymous_3)
FN:20,(anonymous_4)
FNF:4
FNH:1
FNDA:1,(anonymous_1)
FNDA:0,(anonymous_2)
FNDA:0,(anonymous_3)
FNDA:0,(anonymous_4)
DA:2,1
DA:3,1
DA:4,1
DA:8,1
DA:9,1
DA:13,0
DA:17,0
DA:21,0
LF:8
LH:5
BRF:0
BRH:0
end_of_record
TN:
SF:src/config/app.config.ts
FN:13,(anonymous_7)
FN:22,(anonymous_8)
FN:23,(anonymous_9)
FN:24,(anonymous_10)
FN:31,(anonymous_11)
FN:35,(anonymous_12)
FN:39,(anonymous_13)
FN:40,(anonymous_14)
FN:42,(anonymous_15)
FNF:9
FNH:4
FNDA:1,(anonymous_7)
FNDA:1,(anonymous_8)
FNDA:1,(anonymous_9)
FNDA:1,(anonymous_10)
FNDA:0,(anonymous_11)
FNDA:0,(anonymous_12)
FNDA:0,(anonymous_13)
FNDA:0,(anonymous_14)
FNDA:0,(anonymous_15)
DA:1,1
DA:2,1
DA:3,1
DA:4,1
DA:5,1
DA:6,1
DA:8,1
DA:14,1
DA:15,1
DA:16,1
DA:17,1
DA:18,1
DA:19,1
DA:23,1
DA:24,1
DA:25,1
DA:26,1
DA:32,0
DA:36,0
DA:40,0
DA:41,0
DA:42,0
DA:43,0
DA:44,0
DA:46,0
DA:49,0
LF:26
LH:17
BRDA:41,0,0,0
BRDA:43,1,0,0
BRF:2
BRH:0
end_of_record
TN:
SF:src/config/env.config.ts
FNF:0
FNH:0
DA:1,1
DA:2,1
DA:4,1
LF:3
LH:3
BRF:0
BRH:0
end_of_record
TN:
SF:src/config/middlewares.config.ts
FN:4,(anonymous_1)
FNF:1
FNH:1
FNDA:1,(anonymous_1)
DA:1,1
DA:2,1
DA:4,1
DA:5,1
DA:6,1
DA:7,1
DA:10,1
LF:7
LH:7
BRF:0
BRH:0
end_of_record
TN:
SF:src/config/routes.config.ts
FN:5,(anonymous_0)
FNF:1
FNH:1
FNDA:1,(anonymous_0)
DA:2,1
DA:3,1
DA:5,1
DA:6,1
DA:7,1
DA:8,1
DA:11,1
LF:7
LH:7
BRF:0
BRH:0
end_of_record
TN:
SF:src/config/constants/rootRoutes.constants.ts
FNF:0
FNH:0
DA:1,1
DA:2,1
LF:2
LH:2
BRF:0
BRH:0
end_of_record
TN:
SF:src/config/errorsHandler/ApiErrors.config.ts
FN:4,(anonymous_0)
FN:10,(anonymous_1)
FN:14,(anonymous_2)
FN:18,(anonymous_3)
FN:22,(anonymous_4)
FN:26,(anonymous_5)
FNF:6
FNH:4
FNDA:14,(anonymous_0)
FNDA:8,(anonymous_1)
FNDA:2,(anonymous_2)
FNDA:4,(anonymous_3)
FNDA:0,(anonymous_4)
FNDA:0,(anonymous_5)
DA:1,3
DA:5,14
DA:6,14
DA:7,14
DA:11,8
DA:15,2
DA:19,4
DA:23,0
DA:27,0
LF:9
LH:7
BRDA:11,0,0,8
BRDA:11,0,1,0
BRDA:15,1,0,2
BRDA:15,1,1,2
BRDA:19,2,0,4
BRDA:19,2,1,4
BRDA:27,3,0,0
BRDA:27,3,1,0
BRF:8
BRH:5
end_of_record
TN:
SF:src/config/errorsHandler/PrismaError.config.ts
FN:3,(anonymous_0)
FNF:1
FNH:1
FNDA:1,(anonymous_0)
DA:4,1
DA:5,1
DA:6,1
DA:10,3
LF:4
LH:4
BRF:0
BRH:0
end_of_record
TN:
SF:src/config/errorsHandler/errorHandler.config.ts
FN:4,errorHandler
FNF:1
FNH:1
FNDA:14,errorHandler
DA:2,1
DA:4,1
DA:5,14
DA:6,14
DA:8,0
LF:5
LH:4
BRDA:5,0,0,14
BRF:1
BRH:1
end_of_record
TN:
SF:src/config/logger/devLogger.config.ts
FN:4,(anonymous_0)
FN:5,(anonymous_1)
FNF:2
FNH:2
FNDA:3,(anonymous_0)
FNDA:7,(anonymous_1)
DA:1,3
DA:2,3
DA:4,3
DA:5,3
DA:6,7
DA:8,3
LF:6
LH:6
BRDA:6,0,0,7
BRDA:6,0,1,3
BRF:2
BRH:2
end_of_record
TN:
SF:src/config/logger/logger.config.ts
FNF:0
FNH:0
DA:1,3
DA:2,3
DA:6,3
DA:7,3
DA:9,0
DA:12,3
LF:6
LH:5
BRDA:6,0,0,3
BRDA:6,0,1,0
BRDA:6,1,0,3
BRDA:6,1,1,3
BRF:4
BRH:3
end_of_record
TN:
SF:src/config/logger/prodLogger.config.ts
FN:4,(anonymous_0)
FNF:1
FNH:0
FNDA:0,(anonymous_0)
DA:1,3
DA:2,3
DA:4,3
DA:5,0
LF:4
LH:3
BRF:0
BRH:0
end_of_record
TN:
SF:src/test/integration/auth/mock.ts
FNF:0
FNH:0
DA:1,1
DA:7,1
DA:12,1
DA:18,1
DA:23,1
DA:27,1
LF:6
LH:6
BRF:0
BRH:0
end_of_record
TN:
SF:src/test/unit/favorites/mocks.ts
FNF:0
FNH:0
DA:1,1
DA:7,1
DA:14,1
DA:16,1
DA:18,1
DA:22,1
LF:6
LH:6
BRF:0
BRH:0
end_of_record
TN:
SF:src/test/unit/item/mocks.ts
FNF:0
FNH:0
DA:1,1
LF:1
LH:1
BRF:0
BRH:0
end_of_record
TN:
SF:src/test/unit/users/mocks.users.ts
FNF:0
FNH:0
DA:1,1
DA:10,1
LF:2
LH:2
BRF:0
BRH:0
end_of_record
